<?xml version="1.0" encoding="UTF-8"?>
<testsuite xmlns:xsi="http://www.w3.org/2001/XMLSchema-instance" xsi:noNamespaceSchemaLocation="https://maven.apache.org/surefire/maven-surefire-plugin/xsd/surefire-test-report.xsd" name="rest.PersonResourceTest" time="4.021" tests="8" errors="0" skipped="0" failures="1">
  <properties>
[...]
</properties>
  <testcase name="testDeletePerson_nonExistingId" classname="rest.PersonResourceTest" time="0.713">
    <failure message="1 expectation failed.&#10;Expected status code &lt;404&gt; but was &lt;405&gt;.&#10;" type="java.lang.AssertionError"><![CDATA[java.lang.AssertionError: 
1 expectation failed.
Expected status code <404> but was <405>.

	at rest.PersonResourceTest.testDeletePerson_nonExistingId(PersonResourceTest.java:187)
]]></failure>
    <system-out><![CDATA[IS Testing: jdbc:mysql://localhost:3307/w5_03persons_test
USER ------------> dev
PW --------------> ax2
CONNECTION STR---> jdbc:mysql://localhost:3307/w5_03persons_test
PU-Strategy---> drop-and-create
[EL Info]: 2019-09-20 13:41:02.62--ServerSession(114818087)--EclipseLink, version: Eclipse Persistence Services - 2.5.2.v20140319-9ad6abd
[EL Info]: connection: 2019-09-20 13:41:03.045--ServerSession(114818087)--file:/C:/Users/Annika/Desktop/Netbeans Projects/Sem3projects/Week5_assignments/w5_01wednesday_REST_JAX_RS/target/classes/_pu_url=jdbc:mysql://localhost:3307/w5_03persons_test_user=dev login successful
]]></system-out>
    <system-err><![CDATA[Sep 20, 2019 1:41:03 PM org.glassfish.grizzly.http.server.NetworkListener start
INFO: Started listener bound to [localhost:7777]
Sep 20, 2019 1:41:03 PM org.glassfish.grizzly.http.server.HttpServer start
INFO: [HttpServer] Started.
]]></system-err>
  </testcase>
  <testcase name="testUpdatePerson" classname="rest.PersonResourceTest" time="0.515"/>
  <testcase name="testDeletePerson" classname="rest.PersonResourceTest" time="0.131"/>
  <testcase name="testAddPerson" classname="rest.PersonResourceTest" time="0.136"/>
  <testcase name="testGetAll" classname="rest.PersonResourceTest" time="0.126"/>
  <testcase name="testGetPerson" classname="rest.PersonResourceTest" time="0.106"/>
  <testcase name="testServerIsUp" classname="rest.PersonResourceTest" time="0.141"/>
  <testcase name="testGetPerson_nonExistingId" classname="rest.PersonResourceTest" time="0.104"/>
</testsuite>